<?xml version="1.0" encoding="UTF-8"?>
<!-- Generated by org.testng.reporters.JUnitReportReporter -->
<testsuite hostname="PC" name="runners.TestRunner" tests="1" failures="0" timestamp="24 Jul 2020 15:09:18 GMT" time="16.041" errors="0">
  <testcase name="feature" time="16.041" classname="runners.TestRunner"/>
</testsuite> <!-- runners.TestRunner -->
